[2024-03-04 06:54:29,079: INFO: main: Hello from main.py] 
[2024-03-05 18:46:08,319: INFO: common: yaml file: config\config.yaml loaded successfully] 
[2024-03-05 18:46:08,669: INFO: common: yaml file: params.yaml loaded successfully] 
[2024-03-05 18:47:53,283: INFO: common: yaml file: config\config.yaml loaded successfully] 
[2024-03-05 18:47:53,298: INFO: common: yaml file: params.yaml loaded successfully] 
[2024-03-05 18:47:53,302: INFO: common: created directory at: artifacts] 
[2024-03-05 18:47:53,302: INFO: common: created directory at: artifacts/data_ingestion] 
[2024-03-05 18:47:58,637: INFO: 4101834173: artifacts/data_ingestion/data.zip download! with following info: 
Connection: close
Content-Length: 11616915
Cache-Control: max-age=300
Content-Security-Policy: default-src 'none'; style-src 'unsafe-inline'; sandbox
Content-Type: application/zip
ETag: "adf745abc03891fe493c3be264ec012691fe3fa21d861f35a27edbe6d86a76b1"
Strict-Transport-Security: max-age=31536000
X-Content-Type-Options: nosniff
X-Frame-Options: deny
X-XSS-Protection: 1; mode=block
X-GitHub-Request-Id: 363C:3F481A:CB00:DA4F:65E71B83
Accept-Ranges: bytes
Date: Tue, 05 Mar 2024 13:17:57 GMT
Via: 1.1 varnish
X-Served-By: cache-bom4722-BOM
X-Cache: MISS
X-Cache-Hits: 0
X-Timer: S1709644676.141612,VS0,VE955
Vary: Authorization,Accept-Encoding,Origin
Access-Control-Allow-Origin: *
Cross-Origin-Resource-Policy: cross-origin
X-Fastly-Request-ID: 740d2920513e4eedbb3583d5a6a6ba24be88ea4a
Expires: Tue, 05 Mar 2024 13:22:57 GMT
Source-Age: 1

] 
[2024-03-06 09:02:53,948: INFO: main: >>>>>> stage Data Ingestion stage <<<<<<<<] 
[2024-03-06 09:02:53,975: INFO: stage_01_data_ingestion: Starting Data Ingestion...] 
[2024-03-06 09:02:53,995: INFO: common: yaml file: config\config.yaml loaded successfully] 
[2024-03-06 09:02:54,063: INFO: common: yaml file: params.yaml loaded successfully] 
[2024-03-06 09:02:54,074: INFO: common: created directory at: artifacts] 
[2024-03-06 09:02:54,074: INFO: common: created directory at: artifacts/data_ingestion] 
[2024-03-06 09:02:58,273: INFO: data_ingestion: artifacts/data_ingestion/data.zip download! with following info: 
Connection: close
Content-Length: 11616915
Cache-Control: max-age=300
Content-Security-Policy: default-src 'none'; style-src 'unsafe-inline'; sandbox
Content-Type: application/zip
ETag: "adf745abc03891fe493c3be264ec012691fe3fa21d861f35a27edbe6d86a76b1"
Strict-Transport-Security: max-age=31536000
X-Content-Type-Options: nosniff
X-Frame-Options: deny
X-XSS-Protection: 1; mode=block
X-GitHub-Request-Id: 68AE:1B283:E6128:10731C:65E7E3E7
Accept-Ranges: bytes
Date: Wed, 06 Mar 2024 03:32:57 GMT
Via: 1.1 varnish
X-Served-By: cache-bom4745-BOM
X-Cache: MISS
X-Cache-Hits: 0
X-Timer: S1709695976.855178,VS0,VE1145
Vary: Authorization,Accept-Encoding,Origin
Access-Control-Allow-Origin: *
Cross-Origin-Resource-Policy: cross-origin
X-Fastly-Request-ID: 262fb1646937bd551423dff8c153c627c0c189a9
Expires: Wed, 06 Mar 2024 03:37:57 GMT
Source-Age: 1

] 
[2024-03-06 09:02:58,763: INFO: main: stage Data Ingestion stage completed successfully] 
[2024-03-06 14:46:37,198: INFO: common: yaml file: config\config.yaml loaded successfully] 
[2024-03-06 14:46:37,508: INFO: common: yaml file: params.yaml loaded successfully] 
[2024-03-06 14:46:37,510: INFO: common: created directory at: artifacts] 
[2024-03-06 14:46:37,512: INFO: common: created directory at: artifacts/prepare_base_model] 
[2024-03-06 14:46:53,043: WARNING: saving_utils: Compiled the loaded model, but the compiled metrics have yet to be built. `model.compile_metrics` will be empty until you train or evaluate the model.] 
[2024-03-06 14:56:13,065: INFO: main: >>>>>> stage Data Ingestion stage <<<<<<<<] 
[2024-03-06 14:56:13,077: INFO: stage_01_data_ingestion: Starting Data Ingestion...] 
[2024-03-06 14:56:13,086: INFO: common: yaml file: config\config.yaml loaded successfully] 
[2024-03-06 14:56:13,092: INFO: common: yaml file: params.yaml loaded successfully] 
[2024-03-06 14:56:13,095: INFO: common: created directory at: artifacts] 
[2024-03-06 14:56:13,097: INFO: common: created directory at: artifacts/data_ingestion] 
[2024-03-06 14:56:17,458: INFO: data_ingestion: artifacts/data_ingestion/data.zip download! with following info: 
Connection: close
Content-Length: 11616915
Cache-Control: max-age=300
Content-Security-Policy: default-src 'none'; style-src 'unsafe-inline'; sandbox
Content-Type: application/zip
ETag: "adf745abc03891fe493c3be264ec012691fe3fa21d861f35a27edbe6d86a76b1"
Strict-Transport-Security: max-age=31536000
X-Content-Type-Options: nosniff
X-Frame-Options: deny
X-XSS-Protection: 1; mode=block
X-GitHub-Request-Id: 43FA:1B283:1ED536:21F833:65E836B5
Accept-Ranges: bytes
Date: Wed, 06 Mar 2024 09:26:15 GMT
Via: 1.1 varnish
X-Served-By: cache-bom4734-BOM
X-Cache: MISS
X-Cache-Hits: 0
X-Timer: S1709717175.527082,VS0,VE859
Vary: Authorization,Accept-Encoding,Origin
Access-Control-Allow-Origin: *
Cross-Origin-Resource-Policy: cross-origin
X-Fastly-Request-ID: caa280913c83be4e6073593f17dbed1efe3104fe
Expires: Wed, 06 Mar 2024 09:31:15 GMT
Source-Age: 0

] 
[2024-03-06 14:56:18,056: INFO: main: stage Data Ingestion stage completed successfully] 
[2024-03-06 14:56:18,057: INFO: main: *******************] 
[2024-03-06 14:56:18,057: INFO: main: >>>>>> stage Prepare base model started <<<<<<] 
[2024-03-06 14:56:18,062: INFO: common: yaml file: config\config.yaml loaded successfully] 
[2024-03-06 14:56:18,067: INFO: common: yaml file: params.yaml loaded successfully] 
[2024-03-06 14:56:18,068: INFO: common: created directory at: artifacts] 
[2024-03-06 14:56:18,070: INFO: common: created directory at: artifacts/prepare_base_model] 
[2024-03-06 14:56:18,908: WARNING: saving_utils: Compiled the loaded model, but the compiled metrics have yet to be built. `model.compile_metrics` will be empty until you train or evaluate the model.] 
[2024-03-06 14:56:19,584: INFO: main: >>>>>> stage Prepare base model completed <<<<<<

x==========x] 
[2024-03-06 15:03:24,668: INFO: common: yaml file: config\config.yaml loaded successfully] 
[2024-03-06 15:03:24,672: INFO: common: yaml file: params.yaml loaded successfully] 
[2024-03-06 15:03:24,674: INFO: common: created directory at: artifacts] 
[2024-03-06 15:03:24,674: INFO: common: created directory at: artifacts\prepare_callbacks\checkpoint_dir] 
[2024-03-06 15:03:24,679: INFO: common: created directory at: artifacts\prepare_callbacks\tensorboard_log_dir] 
[2024-03-06 15:32:04,808: INFO: common: yaml file: config\config.yaml loaded successfully] 
[2024-03-06 15:32:04,814: INFO: common: yaml file: params.yaml loaded successfully] 
[2024-03-06 15:32:04,816: INFO: common: created directory at: artifacts] 
[2024-03-06 15:32:04,818: INFO: common: created directory at: artifacts\prepare_callbacks\checkpoint_dir] 
[2024-03-06 15:32:04,821: INFO: common: created directory at: artifacts\prepare_callbacks\tensorboard_log_dir] 
[2024-03-06 15:35:23,516: INFO: common: yaml file: config\config.yaml loaded successfully] 
[2024-03-06 15:35:23,520: INFO: common: yaml file: params.yaml loaded successfully] 
[2024-03-06 15:35:23,524: INFO: common: created directory at: artifacts] 
[2024-03-06 15:35:23,526: INFO: common: created directory at: artifacts\prepare_callbacks\checkpoint_dir] 
[2024-03-06 15:35:23,528: INFO: common: created directory at: artifacts\prepare_callbacks\tensorboard_log_dir] 
[2024-03-06 15:35:23,530: INFO: common: created directory at: artifacts\training] 
[2024-03-06 15:49:20,570: INFO: main: >>>>>> stage Data Ingestion stage <<<<<<<<] 
[2024-03-06 15:49:20,570: INFO: stage_01_data_ingestion: Starting Data Ingestion...] 
[2024-03-06 15:49:20,575: INFO: common: yaml file: config\config.yaml loaded successfully] 
[2024-03-06 15:49:20,583: INFO: common: yaml file: params.yaml loaded successfully] 
[2024-03-06 15:49:20,588: INFO: common: created directory at: artifacts] 
[2024-03-06 15:49:20,589: INFO: common: created directory at: artifacts/data_ingestion] 
[2024-03-06 15:49:24,853: INFO: data_ingestion: artifacts/data_ingestion/data.zip download! with following info: 
Connection: close
Content-Length: 11616915
Cache-Control: max-age=300
Content-Security-Policy: default-src 'none'; style-src 'unsafe-inline'; sandbox
Content-Type: application/zip
ETag: "adf745abc03891fe493c3be264ec012691fe3fa21d861f35a27edbe6d86a76b1"
Strict-Transport-Security: max-age=31536000
X-Content-Type-Options: nosniff
X-Frame-Options: deny
X-XSS-Protection: 1; mode=block
X-GitHub-Request-Id: 43FA:1B283:1ED536:21F833:65E836B5
Accept-Ranges: bytes
Date: Wed, 06 Mar 2024 10:19:23 GMT
Via: 1.1 varnish
X-Served-By: cache-bom4742-BOM
X-Cache: HIT
X-Cache-Hits: 0
X-Timer: S1709720363.857928,VS0,VE347
Vary: Authorization,Accept-Encoding,Origin
Access-Control-Allow-Origin: *
Cross-Origin-Resource-Policy: cross-origin
X-Fastly-Request-ID: 360d27dfd58117f043c98e893f902e35f7790aaf
Expires: Wed, 06 Mar 2024 10:24:23 GMT
Source-Age: 0

] 
[2024-03-06 15:49:27,025: INFO: main: stage Data Ingestion stage completed successfully] 
[2024-03-06 15:49:27,027: INFO: main: *******************] 
[2024-03-06 15:49:27,027: INFO: main: >>>>>> stage Prepare base model started <<<<<<] 
[2024-03-06 15:49:27,046: INFO: common: yaml file: config\config.yaml loaded successfully] 
[2024-03-06 15:49:27,060: INFO: common: yaml file: params.yaml loaded successfully] 
[2024-03-06 15:49:27,062: INFO: common: created directory at: artifacts] 
[2024-03-06 15:49:27,063: INFO: common: created directory at: artifacts/prepare_base_model] 
[2024-03-06 15:49:28,548: WARNING: saving_utils: Compiled the loaded model, but the compiled metrics have yet to be built. `model.compile_metrics` will be empty until you train or evaluate the model.] 
[2024-03-06 15:49:29,084: INFO: main: >>>>>> stage Prepare base model completed <<<<<<

x==========x] 
[2024-03-06 15:49:29,085: INFO: main: *******************] 
[2024-03-06 15:49:29,086: INFO: main: >>>>>> stage Training started <<<<<<] 
[2024-03-06 15:49:29,091: INFO: common: yaml file: config\config.yaml loaded successfully] 
[2024-03-06 15:49:29,095: INFO: common: yaml file: params.yaml loaded successfully] 
[2024-03-06 15:49:29,097: INFO: common: created directory at: artifacts] 
[2024-03-06 15:49:29,097: ERROR: main: name 'os' is not defined] 
Traceback (most recent call last):
  File "main.py", line 36, in <module>
    obj.main()
  File "d:\ds projects\end to end chicken disease classification\src\cnnClassifier\pipeline\stage_03_training.py", line 17, in main
    prepare_callbacks_config = config.get_prepare_callback_config()
  File "d:\ds projects\end to end chicken disease classification\src\cnnClassifier\config\configuration.py", line 48, in get_prepare_callback_config
    model_ckpt_dir = os.path.dirname(config.checkpoint_model_filepath)
NameError: name 'os' is not defined
[2024-03-06 15:51:09,477: INFO: main: >>>>>> stage Data Ingestion stage <<<<<<<<] 
[2024-03-06 15:51:09,477: INFO: stage_01_data_ingestion: Starting Data Ingestion...] 
[2024-03-06 15:51:09,479: INFO: common: yaml file: config\config.yaml loaded successfully] 
[2024-03-06 15:51:09,479: INFO: common: yaml file: params.yaml loaded successfully] 
[2024-03-06 15:51:09,484: INFO: common: created directory at: artifacts] 
[2024-03-06 15:51:09,485: INFO: common: created directory at: artifacts/data_ingestion] 
[2024-03-06 15:51:09,485: ERROR: main: stage Data Ingestion stage failed! Error: Argument path of type <class 'str'> to <function get_size at 0x0000018FD9FACDC0> does not match annotation type <class 'pathlib.Path'>] 
[2024-03-06 15:53:29,415: INFO: main: >>>>>> stage Data Ingestion stage <<<<<<<<] 
[2024-03-06 15:53:29,416: INFO: stage_01_data_ingestion: Starting Data Ingestion...] 
[2024-03-06 15:53:29,419: INFO: common: yaml file: config\config.yaml loaded successfully] 
[2024-03-06 15:53:29,421: INFO: common: yaml file: params.yaml loaded successfully] 
[2024-03-06 15:53:29,422: INFO: common: created directory at: artifacts] 
[2024-03-06 15:53:29,422: INFO: common: created directory at: artifacts/data_ingestion] 
[2024-03-06 15:53:29,422: ERROR: main: stage Data Ingestion stage failed! Error: Argument path of type <class 'str'> to <function get_size at 0x0000024FC952CDC0> does not match annotation type <class 'pathlib.Path'>] 
[2024-03-06 15:53:45,188: INFO: main: >>>>>> stage Data Ingestion stage <<<<<<<<] 
[2024-03-06 15:53:45,188: INFO: stage_01_data_ingestion: Starting Data Ingestion...] 
[2024-03-06 15:53:45,197: INFO: common: yaml file: config\config.yaml loaded successfully] 
[2024-03-06 15:53:45,203: INFO: common: yaml file: params.yaml loaded successfully] 
[2024-03-06 15:53:45,208: INFO: common: created directory at: artifacts] 
[2024-03-06 15:53:45,212: INFO: common: created directory at: artifacts/data_ingestion] 
[2024-03-06 15:53:48,008: INFO: data_ingestion: artifacts/data_ingestion/data.zip download! with following info: 
Connection: close
Content-Length: 11616915
Cache-Control: max-age=300
Content-Security-Policy: default-src 'none'; style-src 'unsafe-inline'; sandbox
Content-Type: application/zip
ETag: "adf745abc03891fe493c3be264ec012691fe3fa21d861f35a27edbe6d86a76b1"
Strict-Transport-Security: max-age=31536000
X-Content-Type-Options: nosniff
X-Frame-Options: deny
X-XSS-Protection: 1; mode=block
X-GitHub-Request-Id: 43FA:1B283:1ED536:21F833:65E836B5
Accept-Ranges: bytes
Date: Wed, 06 Mar 2024 10:23:47 GMT
Via: 1.1 varnish
X-Served-By: cache-bom4722-BOM
X-Cache: HIT
X-Cache-Hits: 0
X-Timer: S1709720627.014401,VS0,VE1
Vary: Authorization,Accept-Encoding,Origin
Access-Control-Allow-Origin: *
Cross-Origin-Resource-Policy: cross-origin
X-Fastly-Request-ID: 478dbfed1bf695fea9d36d7afbebee763ab4d7ad
Expires: Wed, 06 Mar 2024 10:28:47 GMT
Source-Age: 264

] 
[2024-03-06 15:53:48,725: INFO: main: stage Data Ingestion stage completed successfully] 
[2024-03-06 15:53:48,725: INFO: main: *******************] 
[2024-03-06 15:53:48,727: INFO: main: >>>>>> stage Prepare base model started <<<<<<] 
[2024-03-06 15:53:48,735: INFO: common: yaml file: config\config.yaml loaded successfully] 
[2024-03-06 15:53:48,745: INFO: common: yaml file: params.yaml loaded successfully] 
[2024-03-06 15:53:48,748: INFO: common: created directory at: artifacts] 
[2024-03-06 15:53:48,756: INFO: common: created directory at: artifacts/prepare_base_model] 
[2024-03-06 15:53:50,073: WARNING: saving_utils: Compiled the loaded model, but the compiled metrics have yet to be built. `model.compile_metrics` will be empty until you train or evaluate the model.] 
[2024-03-06 15:53:51,512: INFO: main: >>>>>> stage Prepare base model completed <<<<<<

x==========x] 
[2024-03-06 15:53:51,513: INFO: main: *******************] 
[2024-03-06 15:53:51,514: INFO: main: >>>>>> stage Training started <<<<<<] 
[2024-03-06 15:53:51,529: INFO: common: yaml file: config\config.yaml loaded successfully] 
[2024-03-06 15:53:51,558: INFO: common: yaml file: params.yaml loaded successfully] 
[2024-03-06 15:53:51,560: INFO: common: created directory at: artifacts] 
[2024-03-06 15:53:51,562: INFO: common: created directory at: artifacts\prepare_callbacks\checkpoint_dir] 
[2024-03-06 15:53:51,564: INFO: common: created directory at: artifacts\prepare_callbacks\tensorboard_log_dir] 
[2024-03-06 15:53:51,574: ERROR: main: 'WindowsPath' object has no attribute 'endswith'] 
Traceback (most recent call last):
  File "main.py", line 36, in <module>
    obj.main()
  File "d:\ds projects\end to end chicken disease classification\src\cnnClassifier\pipeline\stage_03_training.py", line 19, in main
    callback_list = prepare_callbacks.get_tb_ckpt_callbacks()
  File "d:\ds projects\end to end chicken disease classification\src\cnnClassifier\components\prepare_callbacks.py", line 36, in get_tb_ckpt_callbacks
    self._create_ckpt_callbacks
  File "d:\ds projects\end to end chicken disease classification\src\cnnClassifier\components\prepare_callbacks.py", line 27, in _create_ckpt_callbacks
    return tf.keras.callbacks.ModelCheckpoint(
  File "D:\anaconda\envs\chicken\lib\site-packages\keras\src\callbacks.py", line 1369, in __init__
    if filepath and filepath.endswith(".keras") and options is not None:
AttributeError: 'WindowsPath' object has no attribute 'endswith'
[2024-03-06 15:55:01,497: INFO: main: >>>>>> stage Data Ingestion stage <<<<<<<<] 
[2024-03-06 15:55:01,499: INFO: stage_01_data_ingestion: Starting Data Ingestion...] 
[2024-03-06 15:55:01,501: INFO: common: yaml file: config\config.yaml loaded successfully] 
[2024-03-06 15:55:01,505: INFO: common: yaml file: params.yaml loaded successfully] 
[2024-03-06 15:55:01,505: INFO: common: created directory at: artifacts] 
[2024-03-06 15:55:01,507: INFO: common: created directory at: artifacts/data_ingestion] 
[2024-03-06 15:55:03,740: INFO: data_ingestion: artifacts/data_ingestion/data.zip download! with following info: 
Connection: close
Content-Length: 11616915
Cache-Control: max-age=300
Content-Security-Policy: default-src 'none'; style-src 'unsafe-inline'; sandbox
Content-Type: application/zip
ETag: "adf745abc03891fe493c3be264ec012691fe3fa21d861f35a27edbe6d86a76b1"
Strict-Transport-Security: max-age=31536000
X-Content-Type-Options: nosniff
X-Frame-Options: deny
X-XSS-Protection: 1; mode=block
X-GitHub-Request-Id: 43FA:1B283:1ED536:21F833:65E836B5
Accept-Ranges: bytes
Date: Wed, 06 Mar 2024 10:25:02 GMT
Via: 1.1 varnish
X-Served-By: cache-bom4721-BOM
X-Cache: HIT
X-Cache-Hits: 0
X-Timer: S1709720702.436306,VS0,VE325
Vary: Authorization,Accept-Encoding,Origin
Access-Control-Allow-Origin: *
Cross-Origin-Resource-Policy: cross-origin
X-Fastly-Request-ID: c2a9755b5bad81cf312b5341f07d29aae0abad28
Expires: Wed, 06 Mar 2024 10:30:02 GMT
Source-Age: 0

] 
[2024-03-06 15:55:04,348: INFO: main: stage Data Ingestion stage completed successfully] 
[2024-03-06 15:55:04,348: INFO: main: *******************] 
[2024-03-06 15:55:04,356: INFO: main: >>>>>> stage Prepare base model started <<<<<<] 
[2024-03-06 15:55:04,367: INFO: common: yaml file: config\config.yaml loaded successfully] 
[2024-03-06 15:55:04,374: INFO: common: yaml file: params.yaml loaded successfully] 
[2024-03-06 15:55:04,382: INFO: common: created directory at: artifacts] 
[2024-03-06 15:55:04,385: INFO: common: created directory at: artifacts/prepare_base_model] 
[2024-03-06 15:55:05,154: WARNING: saving_utils: Compiled the loaded model, but the compiled metrics have yet to be built. `model.compile_metrics` will be empty until you train or evaluate the model.] 
[2024-03-06 15:55:05,697: INFO: main: >>>>>> stage Prepare base model completed <<<<<<

x==========x] 
[2024-03-06 15:55:05,697: INFO: main: *******************] 
[2024-03-06 15:55:05,697: INFO: main: >>>>>> stage Training started <<<<<<] 
[2024-03-06 15:55:05,702: INFO: common: yaml file: config\config.yaml loaded successfully] 
[2024-03-06 15:55:05,709: INFO: common: yaml file: params.yaml loaded successfully] 
[2024-03-06 15:55:05,711: INFO: common: created directory at: artifacts] 
[2024-03-06 15:55:05,713: INFO: common: created directory at: artifacts\prepare_callbacks\checkpoint_dir] 
[2024-03-06 15:55:05,715: INFO: common: created directory at: artifacts\prepare_callbacks\tensorboard_log_dir] 
[2024-03-06 15:55:05,717: ERROR: main: 'WindowsPath' object has no attribute 'endswith'] 
Traceback (most recent call last):
  File "main.py", line 36, in <module>
    model_trainer.main()
  File "d:\ds projects\end to end chicken disease classification\src\cnnClassifier\pipeline\stage_03_training.py", line 19, in main
    callback_list = prepare_callbacks.get_tb_ckpt_callbacks()
  File "d:\ds projects\end to end chicken disease classification\src\cnnClassifier\components\prepare_callbacks.py", line 36, in get_tb_ckpt_callbacks
    self._create_ckpt_callbacks
  File "d:\ds projects\end to end chicken disease classification\src\cnnClassifier\components\prepare_callbacks.py", line 27, in _create_ckpt_callbacks
    return tf.keras.callbacks.ModelCheckpoint(
  File "D:\anaconda\envs\chicken\lib\site-packages\keras\src\callbacks.py", line 1369, in __init__
    if filepath and filepath.endswith(".keras") and options is not None:
AttributeError: 'WindowsPath' object has no attribute 'endswith'
[2024-03-06 15:57:44,586: INFO: main: >>>>>> stage Data Ingestion stage <<<<<<<<] 
[2024-03-06 15:57:44,586: INFO: stage_01_data_ingestion: Starting Data Ingestion...] 
[2024-03-06 15:57:44,590: INFO: common: yaml file: config\config.yaml loaded successfully] 
[2024-03-06 15:57:44,590: INFO: common: yaml file: params.yaml loaded successfully] 
[2024-03-06 15:57:44,590: INFO: common: created directory at: artifacts] 
[2024-03-06 15:57:44,594: INFO: common: created directory at: artifacts/data_ingestion] 
[2024-03-06 15:57:46,643: INFO: data_ingestion: artifacts/data_ingestion/data.zip download! with following info: 
Connection: close
Content-Length: 11616915
Cache-Control: max-age=300
Content-Security-Policy: default-src 'none'; style-src 'unsafe-inline'; sandbox
Content-Type: application/zip
ETag: "adf745abc03891fe493c3be264ec012691fe3fa21d861f35a27edbe6d86a76b1"
Strict-Transport-Security: max-age=31536000
X-Content-Type-Options: nosniff
X-Frame-Options: deny
X-XSS-Protection: 1; mode=block
X-GitHub-Request-Id: 43FA:1B283:1ED536:21F833:65E836B5
Accept-Ranges: bytes
Date: Wed, 06 Mar 2024 10:27:45 GMT
Via: 1.1 varnish
X-Served-By: cache-bom4731-BOM
X-Cache: HIT
X-Cache-Hits: 0
X-Timer: S1709720866.657824,VS0,VE1
Vary: Authorization,Accept-Encoding,Origin
Access-Control-Allow-Origin: *
Cross-Origin-Resource-Policy: cross-origin
X-Fastly-Request-ID: 4712bf6e29c9cac7d21afd44613bf68fd0688da2
Expires: Wed, 06 Mar 2024 10:32:45 GMT
Source-Age: 163

] 
[2024-03-06 15:57:47,141: INFO: main: stage Data Ingestion stage completed successfully] 
[2024-03-06 15:57:47,142: INFO: main: *******************] 
[2024-03-06 15:57:47,142: INFO: main: >>>>>> stage Prepare base model started <<<<<<] 
[2024-03-06 15:57:47,143: INFO: common: yaml file: config\config.yaml loaded successfully] 
[2024-03-06 15:57:47,149: INFO: common: yaml file: params.yaml loaded successfully] 
[2024-03-06 15:57:47,150: INFO: common: created directory at: artifacts] 
[2024-03-06 15:57:47,151: INFO: common: created directory at: artifacts/prepare_base_model] 
[2024-03-06 15:57:47,772: WARNING: saving_utils: Compiled the loaded model, but the compiled metrics have yet to be built. `model.compile_metrics` will be empty until you train or evaluate the model.] 
[2024-03-06 15:57:48,100: INFO: main: >>>>>> stage Prepare base model completed <<<<<<

x==========x] 
[2024-03-06 15:57:48,100: INFO: main: *******************] 
[2024-03-06 15:57:48,101: INFO: main: >>>>>> stage Training started <<<<<<] 
[2024-03-06 15:57:48,104: INFO: common: yaml file: config\config.yaml loaded successfully] 
[2024-03-06 15:57:48,107: INFO: common: yaml file: params.yaml loaded successfully] 
[2024-03-06 15:57:48,108: INFO: common: created directory at: artifacts] 
[2024-03-06 15:57:48,110: INFO: common: created directory at: artifacts\prepare_callbacks\checkpoint_dir] 
[2024-03-06 15:57:48,111: INFO: common: created directory at: artifacts\prepare_callbacks\tensorboard_log_dir] 
[2024-03-06 15:57:48,114: INFO: common: created directory at: artifacts\training] 
[2024-03-06 16:03:14,610: INFO: main: >>>>>> stage Training completed <<<<<<

x==========x] 
[2024-03-06 18:26:18,808: INFO: common: yaml file: config\config.yaml loaded successfully] 
[2024-03-06 18:26:18,822: INFO: common: yaml file: params.yaml loaded successfully] 
[2024-03-06 18:26:18,824: INFO: common: created directory at: artifacts] 
[2024-03-06 18:28:05,094: INFO: common: json file saved at: scores.json] 
[2024-03-06 18:35:44,380: INFO: main: >>>>>> stage Data Ingestion stage <<<<<<<<] 
[2024-03-06 18:35:44,382: INFO: stage_01_data_ingestion: Starting Data Ingestion...] 
[2024-03-06 18:35:44,389: INFO: common: yaml file: config\config.yaml loaded successfully] 
[2024-03-06 18:35:44,404: INFO: common: yaml file: params.yaml loaded successfully] 
[2024-03-06 18:35:44,409: INFO: common: created directory at: artifacts] 
[2024-03-06 18:35:44,410: INFO: common: created directory at: artifacts/data_ingestion] 
[2024-03-06 18:38:31,449: INFO: main: >>>>>> stage Data Ingestion stage <<<<<<<<] 
[2024-03-06 18:38:31,449: INFO: stage_01_data_ingestion: Starting Data Ingestion...] 
[2024-03-06 18:38:31,451: INFO: common: yaml file: config\config.yaml loaded successfully] 
[2024-03-06 18:38:31,451: INFO: common: yaml file: params.yaml loaded successfully] 
[2024-03-06 18:38:31,451: INFO: common: created directory at: artifacts] 
[2024-03-06 18:38:31,451: INFO: common: created directory at: artifacts/data_ingestion] 
[2024-03-06 18:40:59,500: INFO: data_ingestion: artifacts/data_ingestion/data.zip download! with following info: 
Connection: close
Content-Length: 11616915
Cache-Control: max-age=300
Content-Security-Policy: default-src 'none'; style-src 'unsafe-inline'; sandbox
Content-Type: application/zip
ETag: "adf745abc03891fe493c3be264ec012691fe3fa21d861f35a27edbe6d86a76b1"
Strict-Transport-Security: max-age=31536000
X-Content-Type-Options: nosniff
X-Frame-Options: deny
X-XSS-Protection: 1; mode=block
X-GitHub-Request-Id: 22EC:D0C69:277CC2:2B4973:65E86A2A
Accept-Ranges: bytes
Date: Wed, 06 Mar 2024 13:08:33 GMT
Via: 1.1 varnish
X-Served-By: cache-bom4734-BOM
X-Cache: HIT
X-Cache-Hits: 0
X-Timer: S1709730513.203580,VS0,VE1
Vary: Authorization,Accept-Encoding,Origin
Access-Control-Allow-Origin: *
Cross-Origin-Resource-Policy: cross-origin
X-Fastly-Request-ID: 557deaf6f3ebc428d33c87e74c7f36833692e64d
Expires: Wed, 06 Mar 2024 13:13:33 GMT
Source-Age: 166

] 
[2024-03-06 18:40:59,930: INFO: main: stage Data Ingestion stage completed successfully] 
[2024-03-06 18:40:59,930: INFO: main: *******************] 
[2024-03-06 18:40:59,930: INFO: main: >>>>>> stage Prepare base model started <<<<<<] 
[2024-03-06 18:40:59,938: INFO: common: yaml file: config\config.yaml loaded successfully] 
[2024-03-06 18:40:59,942: INFO: common: yaml file: params.yaml loaded successfully] 
[2024-03-06 18:40:59,943: INFO: common: created directory at: artifacts] 
[2024-03-06 18:40:59,944: INFO: common: created directory at: artifacts/prepare_base_model] 
[2024-03-06 18:41:00,567: WARNING: saving_utils: Compiled the loaded model, but the compiled metrics have yet to be built. `model.compile_metrics` will be empty until you train or evaluate the model.] 
[2024-03-06 18:41:00,972: INFO: main: >>>>>> stage Prepare base model completed <<<<<<

x==========x] 
[2024-03-06 18:41:00,972: INFO: main: *******************] 
[2024-03-06 18:41:00,972: INFO: main: >>>>>> stage Training started <<<<<<] 
[2024-03-06 18:41:00,974: INFO: common: yaml file: config\config.yaml loaded successfully] 
[2024-03-06 18:41:00,981: INFO: common: yaml file: params.yaml loaded successfully] 
[2024-03-06 18:41:00,982: INFO: common: created directory at: artifacts] 
[2024-03-06 18:41:00,983: INFO: common: created directory at: artifacts\prepare_callbacks\checkpoint_dir] 
[2024-03-06 18:41:00,985: INFO: common: created directory at: artifacts\prepare_callbacks\tensorboard_log_dir] 
[2024-03-06 18:41:00,991: INFO: common: created directory at: artifacts\training] 
[2024-03-06 18:48:07,955: INFO: main: >>>>>> stage Training completed <<<<<<

x==========x] 
[2024-03-06 18:48:07,955: INFO: main: *******************] 
[2024-03-06 18:48:07,955: INFO: main: >>>>>> stage Evaluation stage started <<<<<<] 
[2024-03-06 18:48:07,971: INFO: common: yaml file: config\config.yaml loaded successfully] 
[2024-03-06 18:48:07,974: INFO: common: yaml file: params.yaml loaded successfully] 
[2024-03-06 18:48:07,975: INFO: common: created directory at: artifacts] 
[2024-03-06 18:48:54,348: INFO: common: json file saved at: scores.json] 
[2024-03-06 18:48:54,348: INFO: main: >>>>>> stage Evaluation stage completed <<<<<<

x==========x] 
[2024-03-06 18:52:19,779: INFO: stage_01_data_ingestion: >>>>>> stage Data Ingestion <<<<<<<<] 
[2024-03-06 18:52:19,780: INFO: stage_01_data_ingestion: Starting Data Ingestion...] 
[2024-03-06 18:52:19,786: INFO: common: yaml file: config\config.yaml loaded successfully] 
[2024-03-06 18:52:19,788: INFO: common: yaml file: params.yaml loaded successfully] 
[2024-03-06 18:52:19,788: INFO: common: created directory at: artifacts] 
[2024-03-06 18:52:19,788: INFO: common: created directory at: artifacts/data_ingestion] 
[2024-03-06 18:53:50,938: INFO: data_ingestion: artifacts/data_ingestion/data.zip download! with following info: 
Connection: close
Content-Length: 11616915
Cache-Control: max-age=300
Content-Security-Policy: default-src 'none'; style-src 'unsafe-inline'; sandbox
Content-Type: application/zip
ETag: "adf745abc03891fe493c3be264ec012691fe3fa21d861f35a27edbe6d86a76b1"
Strict-Transport-Security: max-age=31536000
X-Content-Type-Options: nosniff
X-Frame-Options: deny
X-XSS-Protection: 1; mode=block
X-GitHub-Request-Id: 22EC:D0C69:277CC2:2B4973:65E86A2A
Accept-Ranges: bytes
Date: Wed, 06 Mar 2024 13:22:21 GMT
Via: 1.1 varnish
X-Served-By: cache-bom4746-BOM
X-Cache: HIT
X-Cache-Hits: 0
X-Timer: S1709731342.665714,VS0,VE271
Vary: Authorization,Accept-Encoding,Origin
Access-Control-Allow-Origin: *
Cross-Origin-Resource-Policy: cross-origin
X-Fastly-Request-ID: 011d6144e401da7283a1b12847fda5709b99d548
Expires: Wed, 06 Mar 2024 13:27:21 GMT
Source-Age: 0

] 
[2024-03-06 18:53:51,950: INFO: stage_01_data_ingestion: stage Data Ingestion completed successfully] 
[2024-03-06 18:54:33,947: INFO: stage_02_prepare_base_model: *******************] 
[2024-03-06 18:54:33,948: INFO: stage_02_prepare_base_model: >>>>>> stage Prepare base model started <<<<<<] 
[2024-03-06 18:54:33,972: INFO: common: yaml file: config\config.yaml loaded successfully] 
[2024-03-06 18:54:34,023: INFO: common: yaml file: params.yaml loaded successfully] 
[2024-03-06 18:54:34,027: INFO: common: created directory at: artifacts] 
[2024-03-06 18:54:34,046: INFO: common: created directory at: artifacts/prepare_base_model] 
[2024-03-06 18:54:36,310: WARNING: saving_utils: Compiled the loaded model, but the compiled metrics have yet to be built. `model.compile_metrics` will be empty until you train or evaluate the model.] 
[2024-03-06 18:54:37,114: INFO: stage_02_prepare_base_model: >>>>>> stage Prepare base model completed <<<<<<

x==========x] 
[2024-03-06 18:55:02,035: INFO: stage_03_training: *******************] 
[2024-03-06 18:55:02,038: INFO: stage_03_training: >>>>>> stage Training started <<<<<<] 
[2024-03-06 18:55:02,055: INFO: common: yaml file: config\config.yaml loaded successfully] 
[2024-03-06 18:55:02,075: INFO: common: yaml file: params.yaml loaded successfully] 
[2024-03-06 18:55:02,086: INFO: common: created directory at: artifacts] 
[2024-03-06 18:55:02,099: INFO: common: created directory at: artifacts\prepare_callbacks\checkpoint_dir] 
[2024-03-06 18:55:02,103: INFO: common: created directory at: artifacts\prepare_callbacks\tensorboard_log_dir] 
[2024-03-06 18:55:02,122: INFO: common: created directory at: artifacts\training] 
[2024-03-06 19:07:12,942: INFO: stage_03_training: >>>>>> stage Training completed <<<<<<

x==========x] 
[2024-03-06 19:07:25,917: INFO: stage_04_evaluation: *******************] 
[2024-03-06 19:07:25,930: INFO: stage_04_evaluation: >>>>>> stage Evaluation stage started <<<<<<] 
[2024-03-06 19:07:25,953: INFO: common: yaml file: config\config.yaml loaded successfully] 
[2024-03-06 19:07:25,958: INFO: common: yaml file: params.yaml loaded successfully] 
[2024-03-06 19:07:25,960: INFO: common: created directory at: artifacts] 
[2024-03-06 19:08:18,948: INFO: common: json file saved at: scores.json] 
[2024-03-06 19:08:18,951: INFO: stage_04_evaluation: >>>>>> stage Evaluation stage completed <<<<<<

x==========x] 
